Determining if the pthread_create exist failed with the following output:
Change Dir: /home/raum/robocar_jurek_cpp/build/CMakeFiles/CMakeTmp

Run Build Command:/usr/bin/make "cmTryCompileExec3301262331/fast"
/usr/bin/make -f CMakeFiles/cmTryCompileExec3301262331.dir/build.make CMakeFiles/cmTryCompileExec3301262331.dir/build
make[1]: Entering directory `/home/raum/robocar_jurek_cpp/build/CMakeFiles/CMakeTmp'
/usr/bin/cmake -E cmake_progress_report /home/raum/robocar_jurek_cpp/build/CMakeFiles/CMakeTmp/CMakeFiles 1
Building C object CMakeFiles/cmTryCompileExec3301262331.dir/CheckSymbolExists.c.o
/usr/bin/gcc    -o CMakeFiles/cmTryCompileExec3301262331.dir/CheckSymbolExists.c.o   -c /home/raum/robocar_jurek_cpp/build/CMakeFiles/CMakeTmp/CheckSymbolExists.c
Linking C executable cmTryCompileExec3301262331
/usr/bin/cmake -E cmake_link_script CMakeFiles/cmTryCompileExec3301262331.dir/link.txt --verbose=1
/usr/bin/gcc         CMakeFiles/cmTryCompileExec3301262331.dir/CheckSymbolExists.c.o  -o cmTryCompileExec3301262331 -rdynamic 
CMakeFiles/cmTryCompileExec3301262331.dir/CheckSymbolExists.c.o: In function `main':
CheckSymbolExists.c:(.text+0x16): undefined reference to `pthread_create'
collect2: error: ld returned 1 exit status
make[1]: *** [cmTryCompileExec3301262331] Error 1
make[1]: Leaving directory `/home/raum/robocar_jurek_cpp/build/CMakeFiles/CMakeTmp'
make: *** [cmTryCompileExec3301262331/fast] Error 2

File /home/raum/robocar_jurek_cpp/build/CMakeFiles/CMakeTmp/CheckSymbolExists.c:
/* */
#include <pthread.h>

int main(int argc, char** argv)
{
  (void)argv;
#ifndef pthread_create
  return ((int*)(&pthread_create))[argc];
#else
  (void)argc;
  return 0;
#endif
}

Determining if the function pthread_create exists in the pthreads failed with the following output:
Change Dir: /home/raum/robocar_jurek_cpp/build/CMakeFiles/CMakeTmp

Run Build Command:/usr/bin/make "cmTryCompileExec2981693299/fast"
/usr/bin/make -f CMakeFiles/cmTryCompileExec2981693299.dir/build.make CMakeFiles/cmTryCompileExec2981693299.dir/build
make[1]: Entering directory `/home/raum/robocar_jurek_cpp/build/CMakeFiles/CMakeTmp'
/usr/bin/cmake -E cmake_progress_report /home/raum/robocar_jurek_cpp/build/CMakeFiles/CMakeTmp/CMakeFiles 1
Building C object CMakeFiles/cmTryCompileExec2981693299.dir/CheckFunctionExists.c.o
/usr/bin/gcc   -DCHECK_FUNCTION_EXISTS=pthread_create   -o CMakeFiles/cmTryCompileExec2981693299.dir/CheckFunctionExists.c.o   -c /usr/share/cmake-2.8/Modules/CheckFunctionExists.c
Linking C executable cmTryCompileExec2981693299
/usr/bin/cmake -E cmake_link_script CMakeFiles/cmTryCompileExec2981693299.dir/link.txt --verbose=1
/usr/bin/gcc     -DCHECK_FUNCTION_EXISTS=pthread_create    CMakeFiles/cmTryCompileExec2981693299.dir/CheckFunctionExists.c.o  -o cmTryCompileExec2981693299 -rdynamic -lpthreads 
/usr/bin/ld: cannot find -lpthreads
collect2: error: ld returned 1 exit status
make[1]: Leaving directory `/home/raum/robocar_jurek_cpp/build/CMakeFiles/CMakeTmp'
make[1]: *** [cmTryCompileExec2981693299] Error 1
make: *** [cmTryCompileExec2981693299/fast] Error 2


